2013-05-02 23:35:31,487 - Log4JLogChute initialized using file 'velocity.log'
2013-05-02 23:35:31,488 - Initializing Velocity, Calling init()...
2013-05-02 23:35:31,488 - Starting Apache Velocity v1.7 (compiled: 2010-11-19 12:14:37)
2013-05-02 23:35:31,488 - Default Properties File: org/apache/velocity/runtime/defaults/velocity.properties
2013-05-02 23:35:31,488 - Trying to use logger class org.apache.velocity.runtime.log.AvalonLogChute
2013-05-02 23:35:31,488 - Target log system for org.apache.velocity.runtime.log.AvalonLogChute is not available (java.lang.NoClassDefFoundError: org/apache/log/format/Formatter).  Falling back to next log system...
2013-05-02 23:35:31,488 - Trying to use logger class org.apache.velocity.runtime.log.Log4JLogChute
2013-05-02 23:35:31,488 - Using logger class org.apache.velocity.runtime.log.Log4JLogChute
2013-05-02 23:35:31,499 - ResourceLoader instantiated: org.apache.velocity.runtime.resource.loader.ClasspathResourceLoader
2013-05-02 23:35:31,547 - ResourceCache: initialized (class org.apache.velocity.runtime.resource.ResourceCacheImpl) with class java.util.Collections$SynchronizedMap cache map.
2013-05-02 23:35:31,564 - Loaded System Directive: org.apache.velocity.runtime.directive.Stop
2013-05-02 23:35:31,566 - Loaded System Directive: org.apache.velocity.runtime.directive.Define
2013-05-02 23:35:31,567 - Loaded System Directive: org.apache.velocity.runtime.directive.Break
2013-05-02 23:35:31,570 - Loaded System Directive: org.apache.velocity.runtime.directive.Evaluate
2013-05-02 23:35:31,571 - Loaded System Directive: org.apache.velocity.runtime.directive.Literal
2013-05-02 23:35:31,573 - Loaded System Directive: org.apache.velocity.runtime.directive.Macro
2013-05-02 23:35:31,575 - Loaded System Directive: org.apache.velocity.runtime.directive.Parse
2013-05-02 23:35:31,577 - Loaded System Directive: org.apache.velocity.runtime.directive.Include
2013-05-02 23:35:31,581 - Loaded System Directive: org.apache.velocity.runtime.directive.Foreach
2013-05-02 23:35:31,650 - Created '20' parsers.
2013-05-02 23:35:31,675 - Velocimacro : "velocimacro.library" is not set.  Trying default library: VM_global_library.vm
2013-05-02 23:35:31,676 - Could not load resource 'VM_global_library.vm' from ResourceLoader org.apache.velocity.runtime.resource.loader.ClasspathResourceLoader: ClasspathResourceLoader Error: cannot find resource VM_global_library.vm
2013-05-02 23:35:31,677 - Velocimacro : Default library not found.
2013-05-02 23:35:31,677 - Velocimacro : allowInline = true : VMs can be defined inline in templates
2013-05-02 23:35:31,677 - Velocimacro : allowInlineToOverride = false : VMs defined inline may NOT replace previous VM definitions
2013-05-02 23:35:31,677 - Velocimacro : allowInlineLocal = false : VMs defined inline will be global in scope if allowed.
2013-05-02 23:35:31,677 - Velocimacro : autoload off : VM system will not automatically reload global library macros
2013-05-02 23:35:31,696 - ResourceManager : found templates/collection.js.vm with loader org.apache.velocity.runtime.resource.loader.ClasspathResourceLoader
2013-05-02 23:35:31,718 - ResourceManager : found templates/model.js.vm with loader org.apache.velocity.runtime.resource.loader.ClasspathResourceLoader
2013-05-03 16:01:31,762 - Log4JLogChute initialized using file 'velocity.log'
2013-05-03 16:01:31,762 - Initializing Velocity, Calling init()...
2013-05-03 16:01:31,762 - Starting Apache Velocity v1.7 (compiled: 2010-11-19 12:14:37)
2013-05-03 16:01:31,763 - Default Properties File: org/apache/velocity/runtime/defaults/velocity.properties
2013-05-03 16:01:31,763 - Trying to use logger class org.apache.velocity.runtime.log.AvalonLogChute
2013-05-03 16:01:31,763 - Target log system for org.apache.velocity.runtime.log.AvalonLogChute is not available (java.lang.NoClassDefFoundError: org/apache/log/format/Formatter).  Falling back to next log system...
2013-05-03 16:01:31,763 - Trying to use logger class org.apache.velocity.runtime.log.Log4JLogChute
2013-05-03 16:01:31,763 - Using logger class org.apache.velocity.runtime.log.Log4JLogChute
2013-05-03 16:01:31,768 - ResourceLoader instantiated: org.apache.velocity.runtime.resource.loader.ClasspathResourceLoader
2013-05-03 16:01:31,795 - ResourceCache: initialized (class org.apache.velocity.runtime.resource.ResourceCacheImpl) with class java.util.Collections$SynchronizedMap cache map.
2013-05-03 16:01:31,800 - Loaded System Directive: org.apache.velocity.runtime.directive.Stop
2013-05-03 16:01:31,801 - Loaded System Directive: org.apache.velocity.runtime.directive.Define
2013-05-03 16:01:31,802 - Loaded System Directive: org.apache.velocity.runtime.directive.Break
2013-05-03 16:01:31,804 - Loaded System Directive: org.apache.velocity.runtime.directive.Evaluate
2013-05-03 16:01:31,805 - Loaded System Directive: org.apache.velocity.runtime.directive.Literal
2013-05-03 16:01:31,807 - Loaded System Directive: org.apache.velocity.runtime.directive.Macro
2013-05-03 16:01:31,819 - Loaded System Directive: org.apache.velocity.runtime.directive.Parse
2013-05-03 16:01:31,821 - Loaded System Directive: org.apache.velocity.runtime.directive.Include
2013-05-03 16:01:31,822 - Loaded System Directive: org.apache.velocity.runtime.directive.Foreach
2013-05-03 16:01:31,874 - Created '20' parsers.
2013-05-03 16:01:31,885 - Velocimacro : "velocimacro.library" is not set.  Trying default library: VM_global_library.vm
2013-05-03 16:01:31,886 - Could not load resource 'VM_global_library.vm' from ResourceLoader org.apache.velocity.runtime.resource.loader.ClasspathResourceLoader: ClasspathResourceLoader Error: cannot find resource VM_global_library.vm
2013-05-03 16:01:31,886 - Velocimacro : Default library not found.
2013-05-03 16:01:31,886 - Velocimacro : allowInline = true : VMs can be defined inline in templates
2013-05-03 16:01:31,886 - Velocimacro : allowInlineToOverride = false : VMs defined inline may NOT replace previous VM definitions
2013-05-03 16:01:31,886 - Velocimacro : allowInlineLocal = false : VMs defined inline will be global in scope if allowed.
2013-05-03 16:01:31,886 - Velocimacro : autoload off : VM system will not automatically reload global library macros
2013-05-03 16:01:31,904 - ResourceManager : found templates/collection.js.vm with loader org.apache.velocity.runtime.resource.loader.ClasspathResourceLoader
2013-05-03 16:01:31,922 - ResourceManager : found templates/model.js.vm with loader org.apache.velocity.runtime.resource.loader.ClasspathResourceLoader
